<?xml version="1.0" encoding="UTF-8"?>
<testng-results skipped="0" failed="0" ignored="0" total="0" passed="0">
  <reporter-output>
  </reporter-output>
  <suite name="first_dayreview.com.AppTest" duration-ms="0" started-at="2021-01-16T12:46:10Z" finished-at="2021-01-16T12:46:10Z">
    <groups>
    </groups>
    <test name="Command line test" duration-ms="0" started-at="2021-01-16T12:46:10Z" finished-at="2021-01-16T12:46:10Z">
    </test> <!-- Command line test -->
  </suite> <!-- first_dayreview.com.AppTest -->
</testng-results>
